[26-Mar-2018 23:27:39 UTC] PHP Warning:  Cannot use a scalar value as an array in /home/ubuntu/workspace/projects/practice_exam/index.php on line 101
[26-Mar-2018 23:27:39 UTC] PHP Stack trace:
[26-Mar-2018 23:27:39 UTC] PHP   1. {main}() /home/ubuntu/workspace/projects/practice_exam/index.php:0
[26-Mar-2018 23:27:39 UTC] PHP   2. play() /home/ubuntu/workspace/projects/practice_exam/index.php:157
[26-Mar-2018 23:27:39 UTC] PHP   3. printGameState() /home/ubuntu/workspace/projects/practice_exam/index.php:20
[26-Mar-2018 23:27:39 UTC] PHP   4. getHand() /home/ubuntu/workspace/projects/practice_exam/index.php:58
[26-Mar-2018 23:27:39 UTC] PHP   5. checkUsedCards() /home/ubuntu/workspace/projects/practice_exam/index.php:31
[26-Mar-2018 23:27:39 UTC] PHP Warning:  Cannot use a scalar value as an array in /home/ubuntu/workspace/projects/practice_exam/index.php on line 101
[26-Mar-2018 23:27:39 UTC] PHP Stack trace:
[26-Mar-2018 23:27:39 UTC] PHP   1. {main}() /home/ubuntu/workspace/projects/practice_exam/index.php:0
[26-Mar-2018 23:27:39 UTC] PHP   2. play() /home/ubuntu/workspace/projects/practice_exam/index.php:157
[26-Mar-2018 23:27:39 UTC] PHP   3. printGameState() /home/ubuntu/workspace/projects/practice_exam/index.php:20
[26-Mar-2018 23:27:39 UTC] PHP   4. getHand() /home/ubuntu/workspace/projects/practice_exam/index.php:58
[26-Mar-2018 23:27:39 UTC] PHP   5. checkUsedCards() /home/ubuntu/workspace/projects/practice_exam/index.php:31
[26-Mar-2018 23:27:39 UTC] PHP Warning:  Cannot use a scalar value as an array in /home/ubuntu/workspace/projects/practice_exam/index.php on line 101
[26-Mar-2018 23:27:39 UTC] PHP Stack trace:
[26-Mar-2018 23:27:39 UTC] PHP   1. {main}() /home/ubuntu/workspace/projects/practice_exam/index.php:0
[26-Mar-2018 23:27:39 UTC] PHP   2. play() /home/ubuntu/workspace/projects/practice_exam/index.php:157
[26-Mar-2018 23:27:39 UTC] PHP   3. printGameState() /home/ubuntu/workspace/projects/practice_exam/index.php:20
[26-Mar-2018 23:27:39 UTC] PHP   4. getHand() /home/ubuntu/workspace/projects/practice_exam/index.php:58
[26-Mar-2018 23:27:39 UTC] PHP   5. checkUsedCards() /home/ubuntu/workspace/projects/practice_exam/index.php:31
[26-Mar-2018 23:27:39 UTC] PHP Warning:  Cannot use a scalar value as an array in /home/ubuntu/workspace/projects/practice_exam/index.php on line 101
[26-Mar-2018 23:27:39 UTC] PHP Stack trace:
[26-Mar-2018 23:27:39 UTC] PHP   1. {main}() /home/ubuntu/workspace/projects/practice_exam/index.php:0
[26-Mar-2018 23:27:39 UTC] PHP   2. play() /home/ubuntu/workspace/projects/practice_exam/index.php:157
[26-Mar-2018 23:27:39 UTC] PHP   3. printGameState() /home/ubuntu/workspace/projects/practice_exam/index.php:20
[26-Mar-2018 23:27:39 UTC] PHP   4. getHand() /home/ubuntu/workspace/projects/practice_exam/index.php:58
[26-Mar-2018 23:27:39 UTC] PHP   5. checkUsedCards() /home/ubuntu/workspace/projects/practice_exam/index.php:31
[26-Mar-2018 23:27:39 UTC] PHP Warning:  Cannot use a scalar value as an array in /home/ubuntu/workspace/projects/practice_exam/index.php on line 101
[26-Mar-2018 23:27:39 UTC] PHP Stack trace:
[26-Mar-2018 23:27:39 UTC] PHP   1. {main}() /home/ubuntu/workspace/projects/practice_exam/index.php:0
[26-Mar-2018 23:27:39 UTC] PHP   2. play() /home/ubuntu/workspace/projects/practice_exam/index.php:157
[26-Mar-2018 23:27:39 UTC] PHP   3. printGameState() /home/ubuntu/workspace/projects/practice_exam/index.php:20
[26-Mar-2018 23:27:39 UTC] PHP   4. getHand() /home/ubuntu/workspace/projects/practice_exam/index.php:58
[26-Mar-2018 23:27:39 UTC] PHP   5. checkUsedCards() /home/ubuntu/workspace/projects/practice_exam/index.php:31
[26-Mar-2018 23:27:39 UTC] PHP Warning:  Cannot use a scalar value as an array in /home/ubuntu/workspace/projects/practice_exam/index.php on line 101
[26-Mar-2018 23:27:39 UTC] PHP Stack trace:
[26-Mar-2018 23:27:39 UTC] PHP   1. {main}() /home/ubuntu/workspace/projects/practice_exam/index.php:0
[26-Mar-2018 23:27:39 UTC] PHP   2. play() /home/ubuntu/workspace/projects/practice_exam/index.php:157
[26-Mar-2018 23:27:39 UTC] PHP   3. printGameState() /home/ubuntu/workspace/projects/practice_exam/index.php:20
[26-Mar-2018 23:27:39 UTC] PHP   4. getHand() /home/ubuntu/workspace/projects/practice_exam/index.php:58
[26-Mar-2018 23:27:39 UTC] PHP   5. checkUsedCards() /home/ubuntu/workspace/projects/practice_exam/index.php:31
[26-Mar-2018 23:27:39 UTC] PHP Warning:  Cannot use a scalar value as an array in /home/ubuntu/workspace/projects/practice_exam/index.php on line 101
[26-Mar-2018 23:27:39 UTC] PHP Stack trace:
[26-Mar-2018 23:27:39 UTC] PHP   1. {main}() /home/ubuntu/workspace/projects/practice_exam/index.php:0
[26-Mar-2018 23:27:39 UTC] PHP   2. play() /home/ubuntu/workspace/projects/practice_exam/index.php:157
[26-Mar-2018 23:27:39 UTC] PHP   3. printGameState() /home/ubuntu/workspace/projects/practice_exam/index.php:20
[26-Mar-2018 23:27:39 UTC] PHP   4. getHand() /home/ubuntu/workspace/projects/practice_exam/index.php:58
[26-Mar-2018 23:27:39 UTC] PHP   5. checkUsedCards() /home/ubuntu/workspace/projects/practice_exam/index.php:31
[26-Mar-2018 23:27:39 UTC] PHP Warning:  Cannot use a scalar value as an array in /home/ubuntu/workspace/projects/practice_exam/index.php on line 101
[26-Mar-2018 23:27:39 UTC] PHP Stack trace:
[26-Mar-2018 23:27:39 UTC] PHP   1. {main}() /home/ubuntu/workspace/projects/practice_exam/index.php:0
[26-Mar-2018 23:27:39 UTC] PHP   2. play() /home/ubuntu/workspace/projects/practice_exam/index.php:157
[26-Mar-2018 23:27:39 UTC] PHP   3. printGameState() /home/ubuntu/workspace/projects/practice_exam/index.php:20
[26-Mar-2018 23:27:39 UTC] PHP   4. getHand() /home/ubuntu/workspace/projects/practice_exam/index.php:58
[26-Mar-2018 23:27:39 UTC] PHP   5. checkUsedCards() /home/ubuntu/workspace/projects/practice_exam/index.php:31
[26-Mar-2018 23:29:00 UTC] PHP Warning:  Cannot use a scalar value as an array in /home/ubuntu/workspace/projects/practice_exam/index.php on line 101
[26-Mar-2018 23:29:00 UTC] PHP Stack trace:
[26-Mar-2018 23:29:00 UTC] PHP   1. {main}() /home/ubuntu/workspace/projects/practice_exam/index.php:0
[26-Mar-2018 23:29:00 UTC] PHP   2. play() /home/ubuntu/workspace/projects/practice_exam/index.php:162
[26-Mar-2018 23:29:00 UTC] PHP   3. printGameState() /home/ubuntu/workspace/projects/practice_exam/index.php:20
[26-Mar-2018 23:29:00 UTC] PHP   4. getHand() /home/ubuntu/workspace/projects/practice_exam/index.php:58
[26-Mar-2018 23:29:00 UTC] PHP   5. checkUsedCards() /home/ubuntu/workspace/projects/practice_exam/index.php:31
[26-Mar-2018 23:29:00 UTC] PHP Warning:  Cannot use a scalar value as an array in /home/ubuntu/workspace/projects/practice_exam/index.php on line 101
[26-Mar-2018 23:29:00 UTC] PHP Stack trace:
[26-Mar-2018 23:29:00 UTC] PHP   1. {main}() /home/ubuntu/workspace/projects/practice_exam/index.php:0
[26-Mar-2018 23:29:00 UTC] PHP   2. play() /home/ubuntu/workspace/projects/practice_exam/index.php:162
[26-Mar-2018 23:29:00 UTC] PHP   3. printGameState() /home/ubuntu/workspace/projects/practice_exam/index.php:20
[26-Mar-2018 23:29:00 UTC] PHP   4. getHand() /home/ubuntu/workspace/projects/practice_exam/index.php:58
[26-Mar-2018 23:29:00 UTC] PHP   5. checkUsedCards() /home/ubuntu/workspace/projects/practice_exam/index.php:31
[26-Mar-2018 23:29:00 UTC] PHP Warning:  Cannot use a scalar value as an array in /home/ubuntu/workspace/projects/practice_exam/index.php on line 101
[26-Mar-2018 23:29:00 UTC] PHP Stack trace:
[26-Mar-2018 23:29:00 UTC] PHP   1. {main}() /home/ubuntu/workspace/projects/practice_exam/index.php:0
[26-Mar-2018 23:29:00 UTC] PHP   2. play() /home/ubuntu/workspace/projects/practice_exam/index.php:162
[26-Mar-2018 23:29:00 UTC] PHP   3. printGameState() /home/ubuntu/workspace/projects/practice_exam/index.php:20
[26-Mar-2018 23:29:00 UTC] PHP   4. getHand() /home/ubuntu/workspace/projects/practice_exam/index.php:58
[26-Mar-2018 23:29:00 UTC] PHP   5. checkUsedCards() /home/ubuntu/workspace/projects/practice_exam/index.php:31
[26-Mar-2018 23:29:00 UTC] PHP Warning:  Cannot use a scalar value as an array in /home/ubuntu/workspace/projects/practice_exam/index.php on line 101
[26-Mar-2018 23:29:00 UTC] PHP Stack trace:
[26-Mar-2018 23:29:00 UTC] PHP   1. {main}() /home/ubuntu/workspace/projects/practice_exam/index.php:0
[26-Mar-2018 23:29:00 UTC] PHP   2. play() /home/ubuntu/workspace/projects/practice_exam/index.php:162
[26-Mar-2018 23:29:00 UTC] PHP   3. printGameState() /home/ubuntu/workspace/projects/practice_exam/index.php:20
[26-Mar-2018 23:29:00 UTC] PHP   4. getHand() /home/ubuntu/workspace/projects/practice_exam/index.php:58
[26-Mar-2018 23:29:00 UTC] PHP   5. checkUsedCards() /home/ubuntu/workspace/projects/practice_exam/index.php:31
[26-Mar-2018 23:29:00 UTC] PHP Warning:  Cannot use a scalar value as an array in /home/ubuntu/workspace/projects/practice_exam/index.php on line 101
[26-Mar-2018 23:29:00 UTC] PHP Stack trace:
[26-Mar-2018 23:29:00 UTC] PHP   1. {main}() /home/ubuntu/workspace/projects/practice_exam/index.php:0
[26-Mar-2018 23:29:00 UTC] PHP   2. play() /home/ubuntu/workspace/projects/practice_exam/index.php:162
[26-Mar-2018 23:29:00 UTC] PHP   3. printGameState() /home/ubuntu/workspace/projects/practice_exam/index.php:20
[26-Mar-2018 23:29:00 UTC] PHP   4. getHand() /home/ubuntu/workspace/projects/practice_exam/index.php:58
[26-Mar-2018 23:29:00 UTC] PHP   5. checkUsedCards() /home/ubuntu/workspace/projects/practice_exam/index.php:31
[26-Mar-2018 23:30:33 UTC] PHP Warning:  Cannot use a scalar value as an array in /home/ubuntu/workspace/projects/practice_exam/index.php on line 101
[26-Mar-2018 23:30:33 UTC] PHP Stack trace:
[26-Mar-2018 23:30:33 UTC] PHP   1. {main}() /home/ubuntu/workspace/projects/practice_exam/index.php:0
[26-Mar-2018 23:30:33 UTC] PHP   2. play() /home/ubuntu/workspace/projects/practice_exam/index.php:162
[26-Mar-2018 23:30:33 UTC] PHP   3. printGameState() /home/ubuntu/workspace/projects/practice_exam/index.php:20
[26-Mar-2018 23:30:33 UTC] PHP   4. getHand() /home/ubuntu/workspace/projects/practice_exam/index.php:58
[26-Mar-2018 23:30:33 UTC] PHP   5. checkUsedCards() /home/ubuntu/workspace/projects/practice_exam/index.php:31
[26-Mar-2018 23:30:33 UTC] PHP Warning:  Cannot use a scalar value as an array in /home/ubuntu/workspace/projects/practice_exam/index.php on line 101
[26-Mar-2018 23:30:33 UTC] PHP Stack trace:
[26-Mar-2018 23:30:33 UTC] PHP   1. {main}() /home/ubuntu/workspace/projects/practice_exam/index.php:0
[26-Mar-2018 23:30:33 UTC] PHP   2. play() /home/ubuntu/workspace/projects/practice_exam/index.php:162
[26-Mar-2018 23:30:33 UTC] PHP   3. printGameState() /home/ubuntu/workspace/projects/practice_exam/index.php:20
[26-Mar-2018 23:30:33 UTC] PHP   4. getHand() /home/ubuntu/workspace/projects/practice_exam/index.php:58
[26-Mar-2018 23:30:33 UTC] PHP   5. checkUsedCards() /home/ubuntu/workspace/projects/practice_exam/index.php:31
[26-Mar-2018 23:30:33 UTC] PHP Warning:  Cannot use a scalar value as an array in /home/ubuntu/workspace/projects/practice_exam/index.php on line 101
[26-Mar-2018 23:30:33 UTC] PHP Stack trace:
[26-Mar-2018 23:30:33 UTC] PHP   1. {main}() /home/ubuntu/workspace/projects/practice_exam/index.php:0
[26-Mar-2018 23:30:33 UTC] PHP   2. play() /home/ubuntu/workspace/projects/practice_exam/index.php:162
[26-Mar-2018 23:30:33 UTC] PHP   3. printGameState() /home/ubuntu/workspace/projects/practice_exam/index.php:20
[26-Mar-2018 23:30:33 UTC] PHP   4. getHand() /home/ubuntu/workspace/projects/practice_exam/index.php:58
[26-Mar-2018 23:30:33 UTC] PHP   5. checkUsedCards() /home/ubuntu/workspace/projects/practice_exam/index.php:31
[26-Mar-2018 23:30:33 UTC] PHP Warning:  Cannot use a scalar value as an array in /home/ubuntu/workspace/projects/practice_exam/index.php on line 101
[26-Mar-2018 23:30:33 UTC] PHP Stack trace:
[26-Mar-2018 23:30:33 UTC] PHP   1. {main}() /home/ubuntu/workspace/projects/practice_exam/index.php:0
[26-Mar-2018 23:30:33 UTC] PHP   2. play() /home/ubuntu/workspace/projects/practice_exam/index.php:162
[26-Mar-2018 23:30:33 UTC] PHP   3. printGameState() /home/ubuntu/workspace/projects/practice_exam/index.php:20
[26-Mar-2018 23:30:33 UTC] PHP   4. getHand() /home/ubuntu/workspace/projects/practice_exam/index.php:58
[26-Mar-2018 23:30:33 UTC] PHP   5. checkUsedCards() /home/ubuntu/workspace/projects/practice_exam/index.php:31
[26-Mar-2018 23:48:56 UTC] PHP Fatal error:  Call to undefined function play() in /home/ubuntu/workspace/projects/practice_exam/index.php on line 180
[26-Mar-2018 23:48:56 UTC] PHP Stack trace:
[26-Mar-2018 23:48:56 UTC] PHP   1. {main}() /home/ubuntu/workspace/projects/practice_exam/index.php:0
[26-Mar-2018 23:49:01 UTC] PHP Fatal error:  Call to undefined function play() in /home/ubuntu/workspace/projects/practice_exam/index.php on line 180
[26-Mar-2018 23:49:01 UTC] PHP Stack trace:
[26-Mar-2018 23:49:01 UTC] PHP   1. {main}() /home/ubuntu/workspace/projects/practice_exam/index.php:0
[11-Apr-2018 23:28:05 UTC] PHP Parse error:  syntax error, unexpected 'WHERE' (T_STRING) in /home/ubuntu/workspace/projects/sql_practice/index.php on line 7
[11-Apr-2018 23:28:07 UTC] PHP Parse error:  syntax error, unexpected 'WHERE' (T_STRING) in /home/ubuntu/workspace/projects/sql_practice/index.php on line 7
