[15-Feb-2018 00:16:01 UTC] PHP Warning:  str_split() expects parameter 1 to be string, array given in /home/ubuntu/workspace/homework/hw2/homework2.php on line 25
[15-Feb-2018 00:16:01 UTC] PHP Stack trace:
[15-Feb-2018 00:16:01 UTC] PHP   1. {main}() /home/ubuntu/workspace/homework/hw2/homework2.php:0
[15-Feb-2018 00:16:01 UTC] PHP   2. randomLetterPicker() /home/ubuntu/workspace/homework/hw2/homework2.php:29
[15-Feb-2018 00:16:01 UTC] PHP   3. str_split() /home/ubuntu/workspace/homework/hw2/homework2.php:25
[15-Feb-2018 00:23:37 UTC] PHP Warning:  split() expects at least 2 parameters, 1 given in /home/ubuntu/workspace/homework/hw2/homework2.php on line 26
[15-Feb-2018 00:23:37 UTC] PHP Stack trace:
[15-Feb-2018 00:23:37 UTC] PHP   1. {main}() /home/ubuntu/workspace/homework/hw2/homework2.php:0
[15-Feb-2018 00:23:37 UTC] PHP   2. randomLetterPicker() /home/ubuntu/workspace/homework/hw2/homework2.php:29
[15-Feb-2018 00:23:37 UTC] PHP   3. split() /home/ubuntu/workspace/homework/hw2/homework2.php:26
[15-Feb-2018 00:24:23 UTC] PHP Warning:  array_rand() expects parameter 1 to be array, string given in /home/ubuntu/workspace/homework/hw2/homework2.php on line 27
[15-Feb-2018 00:24:23 UTC] PHP Stack trace:
[15-Feb-2018 00:24:23 UTC] PHP   1. {main}() /home/ubuntu/workspace/homework/hw2/homework2.php:0
[15-Feb-2018 00:24:23 UTC] PHP   2. randomLetterPicker() /home/ubuntu/workspace/homework/hw2/homework2.php:29
[15-Feb-2018 00:24:23 UTC] PHP   3. array_rand() /home/ubuntu/workspace/homework/hw2/homework2.php:27
[19-Feb-2018 02:55:49 UTC] PHP Warning:  Illegal offset type in /home/ubuntu/workspace/homework/hw2/homework2.php on line 42
[19-Feb-2018 02:55:49 UTC] PHP Stack trace:
[19-Feb-2018 02:55:49 UTC] PHP   1. {main}() /home/ubuntu/workspace/homework/hw2/homework2.php:0
[19-Feb-2018 02:55:49 UTC] PHP   2. randomLetterPicker() /home/ubuntu/workspace/homework/hw2/homework2.php:46
[19-Feb-2018 02:55:49 UTC] PHP Warning:  Illegal offset type in /home/ubuntu/workspace/homework/hw2/homework2.php on line 44
[19-Feb-2018 02:55:49 UTC] PHP Stack trace:
[19-Feb-2018 02:55:49 UTC] PHP   1. {main}() /home/ubuntu/workspace/homework/hw2/homework2.php:0
[19-Feb-2018 02:55:49 UTC] PHP   2. randomLetterPicker() /home/ubuntu/workspace/homework/hw2/homework2.php:46
[19-Feb-2018 05:38:55 UTC] PHP Warning:  Illegal offset type in /home/ubuntu/workspace/homework/hw2/homework2.php on line 42
[19-Feb-2018 05:38:55 UTC] PHP Stack trace:
[19-Feb-2018 05:38:55 UTC] PHP   1. {main}() /home/ubuntu/workspace/homework/hw2/homework2.php:0
[19-Feb-2018 05:38:55 UTC] PHP   2. randomLetterPicker() /home/ubuntu/workspace/homework/hw2/homework2.php:46
[19-Feb-2018 05:38:55 UTC] PHP Warning:  Illegal offset type in /home/ubuntu/workspace/homework/hw2/homework2.php on line 44
[19-Feb-2018 05:38:55 UTC] PHP Stack trace:
[19-Feb-2018 05:38:55 UTC] PHP   1. {main}() /home/ubuntu/workspace/homework/hw2/homework2.php:0
[19-Feb-2018 05:38:55 UTC] PHP   2. randomLetterPicker() /home/ubuntu/workspace/homework/hw2/homework2.php:46
[19-Feb-2018 07:14:45 UTC] PHP Warning:  Illegal offset type in /home/ubuntu/workspace/homework/hw2/homework2.php on line 45
[19-Feb-2018 07:14:45 UTC] PHP Stack trace:
[19-Feb-2018 07:14:45 UTC] PHP   1. {main}() /home/ubuntu/workspace/homework/hw2/homework2.php:0
[19-Feb-2018 07:14:45 UTC] PHP   2. reverseArray() /home/ubuntu/workspace/homework/hw2/homework2.php:47
[19-Feb-2018 07:17:49 UTC] PHP Fatal error:  Call to undefined function reverse_array() in /home/ubuntu/workspace/homework/hw2/homework2.php on line 45
[19-Feb-2018 07:17:49 UTC] PHP Stack trace:
[19-Feb-2018 07:17:49 UTC] PHP   1. {main}() /home/ubuntu/workspace/homework/hw2/homework2.php:0
[19-Feb-2018 07:17:49 UTC] PHP   2. reverseArray() /home/ubuntu/workspace/homework/hw2/homework2.php:47
[19-Feb-2018 07:19:13 UTC] PHP Warning:  Illegal offset type in /home/ubuntu/workspace/homework/hw2/homework2.php on line 42
[19-Feb-2018 07:19:13 UTC] PHP Stack trace:
[19-Feb-2018 07:19:13 UTC] PHP   1. {main}() /home/ubuntu/workspace/homework/hw2/homework2.php:0
[19-Feb-2018 07:19:13 UTC] PHP   2. randomLetterPicker() /home/ubuntu/workspace/homework/hw2/homework2.php:44
[09-Mar-2018 01:07:45 UTC] PHP Parse error:  syntax error, unexpected '{', expecting '(' in /home/ubuntu/workspace/homework/hw3/index.php on line 14
[09-Mar-2018 01:07:47 UTC] PHP Parse error:  syntax error, unexpected '{', expecting '(' in /home/ubuntu/workspace/homework/hw3/index.php on line 14
