[14-Mar-2018 20:19:51 UTC] PHP Warning:  array_push() expects parameter 1 to be array, string given in /home/ubuntu/workspace/labs/scart/index.php on line 59
[14-Mar-2018 20:19:51 UTC] PHP Stack trace:
[14-Mar-2018 20:19:51 UTC] PHP   1. {main}() /home/ubuntu/workspace/labs/scart/index.php:0
[14-Mar-2018 20:19:51 UTC] PHP   2. array_push() /home/ubuntu/workspace/labs/scart/index.php:59
[14-Mar-2018 20:19:51 UTC] PHP Warning:  array_push() expects parameter 1 to be array, string given in /home/ubuntu/workspace/labs/scart/index.php on line 68
[14-Mar-2018 20:19:51 UTC] PHP Stack trace:
[14-Mar-2018 20:19:51 UTC] PHP   1. {main}() /home/ubuntu/workspace/labs/scart/index.php:0
[14-Mar-2018 20:19:51 UTC] PHP   2. array_push() /home/ubuntu/workspace/labs/scart/index.php:68
[14-Mar-2018 21:39:23 UTC] PHP Fatal error:  Call to undefined function displayCartCount() in /home/ubuntu/workspace/labs/scart/index.php on line 27
[14-Mar-2018 21:39:23 UTC] PHP Stack trace:
[14-Mar-2018 21:39:23 UTC] PHP   1. {main}() /home/ubuntu/workspace/labs/scart/index.php:0
[14-Mar-2018 21:40:45 UTC] PHP Fatal error:  Cannot redeclare displayResults() (previously declared in /home/ubuntu/workspace/labs/scart/functions.php:2) in /home/ubuntu/workspace/labs/scart/functions.php on line 2
[14-Mar-2018 21:40:45 UTC] PHP Stack trace:
[14-Mar-2018 21:40:45 UTC] PHP   1. {main}() /home/ubuntu/workspace/labs/scart/index.php:0
[14-Mar-2018 21:41:13 UTC] PHP Fatal error:  Cannot redeclare displayResults() (previously declared in /home/ubuntu/workspace/labs/scart/functions.php:2) in /home/ubuntu/workspace/labs/scart/functions.php on line 2
[14-Mar-2018 21:41:13 UTC] PHP Stack trace:
[14-Mar-2018 21:41:13 UTC] PHP   1. {main}() /home/ubuntu/workspace/labs/scart/index.php:0
[14-Mar-2018 21:41:16 UTC] PHP Fatal error:  Cannot redeclare displayResults() (previously declared in /home/ubuntu/workspace/labs/scart/functions.php:2) in /home/ubuntu/workspace/labs/scart/functions.php on line 2
[14-Mar-2018 21:41:16 UTC] PHP Stack trace:
[14-Mar-2018 21:41:16 UTC] PHP   1. {main}() /home/ubuntu/workspace/labs/scart/index.php:0
[14-Mar-2018 21:41:19 UTC] PHP Fatal error:  Cannot redeclare displayResults() (previously declared in /home/ubuntu/workspace/labs/scart/functions.php:2) in /home/ubuntu/workspace/labs/scart/functions.php on line 2
[14-Mar-2018 21:41:19 UTC] PHP Stack trace:
[14-Mar-2018 21:41:19 UTC] PHP   1. {main}() /home/ubuntu/workspace/labs/scart/index.php:0
[14-Mar-2018 22:53:49 UTC] PHP Fatal error:  Cannot redeclare displayResults() (previously declared in /home/ubuntu/workspace/labs/scart/functions.php:2) in /home/ubuntu/workspace/labs/scart/functions.php on line 2
[14-Mar-2018 22:53:49 UTC] PHP Stack trace:
[14-Mar-2018 22:53:49 UTC] PHP   1. {main}() /home/ubuntu/workspace/labs/scart/index.php:0
[14-Mar-2018 22:53:53 UTC] PHP Fatal error:  Cannot redeclare displayResults() (previously declared in /home/ubuntu/workspace/labs/scart/functions.php:2) in /home/ubuntu/workspace/labs/scart/functions.php on line 2
[14-Mar-2018 22:53:53 UTC] PHP Stack trace:
[14-Mar-2018 22:53:53 UTC] PHP   1. {main}() /home/ubuntu/workspace/labs/scart/index.php:0
[14-Mar-2018 23:59:33 UTC] PHP Fatal error:  Cannot redeclare displayResults() (previously declared in /home/ubuntu/workspace/labs/scart/functions.php:2) in /home/ubuntu/workspace/labs/scart/functions.php on line 2
[14-Mar-2018 23:59:33 UTC] PHP Stack trace:
[14-Mar-2018 23:59:33 UTC] PHP   1. {main}() /home/ubuntu/workspace/labs/scart/index.php:0
[14-Mar-2018 23:59:56 UTC] PHP Fatal error:  Cannot redeclare displayResults() (previously declared in /home/ubuntu/workspace/labs/scart/functions.php:2) in /home/ubuntu/workspace/labs/scart/functions.php on line 2
[14-Mar-2018 23:59:56 UTC] PHP Stack trace:
[14-Mar-2018 23:59:56 UTC] PHP   1. {main}() /home/ubuntu/workspace/labs/scart/index.php:0
[15-Mar-2018 00:27:15 UTC] PHP Warning:  array_push() expects parameter 1 to be array, string given in /home/ubuntu/workspace/labs/scart/index.php on line 63
[15-Mar-2018 00:27:15 UTC] PHP Stack trace:
[15-Mar-2018 00:27:15 UTC] PHP   1. {main}() /home/ubuntu/workspace/labs/scart/index.php:0
[15-Mar-2018 00:27:15 UTC] PHP   2. array_push() /home/ubuntu/workspace/labs/scart/index.php:63
[15-Mar-2018 00:27:15 UTC] PHP Warning:  array_push() expects parameter 1 to be array, string given in /home/ubuntu/workspace/labs/scart/index.php on line 72
[15-Mar-2018 00:27:15 UTC] PHP Stack trace:
[15-Mar-2018 00:27:15 UTC] PHP   1. {main}() /home/ubuntu/workspace/labs/scart/index.php:0
[15-Mar-2018 00:27:15 UTC] PHP   2. array_push() /home/ubuntu/workspace/labs/scart/index.php:72
[15-Mar-2018 00:27:15 UTC] PHP Warning:  Invalid argument supplied for foreach() in /home/ubuntu/workspace/labs/scart/index.php on line 74
[15-Mar-2018 00:27:15 UTC] PHP Stack trace:
[15-Mar-2018 00:27:15 UTC] PHP   1. {main}() /home/ubuntu/workspace/labs/scart/index.php:0
[15-Mar-2018 00:27:15 UTC] PHP Warning:  array_push() expects parameter 1 to be array, string given in /home/ubuntu/workspace/labs/scart/index.php on line 83
[15-Mar-2018 00:27:15 UTC] PHP Stack trace:
[15-Mar-2018 00:27:15 UTC] PHP   1. {main}() /home/ubuntu/workspace/labs/scart/index.php:0
[15-Mar-2018 00:27:15 UTC] PHP   2. array_push() /home/ubuntu/workspace/labs/scart/index.php:83
[15-Mar-2018 02:56:49 UTC] PHP Fatal error:  Call to undefined function displayCartCount() in /home/ubuntu/workspace/labs/scart/scart.php on line 47
[15-Mar-2018 02:56:49 UTC] PHP Stack trace:
[15-Mar-2018 02:56:49 UTC] PHP   1. {main}() /home/ubuntu/workspace/labs/scart/scart.php:0
[15-Mar-2018 02:56:52 UTC] PHP Fatal error:  Call to undefined function displayCartCount() in /home/ubuntu/workspace/labs/scart/scart.php on line 47
[15-Mar-2018 02:56:52 UTC] PHP Stack trace:
[15-Mar-2018 02:56:52 UTC] PHP   1. {main}() /home/ubuntu/workspace/labs/scart/scart.php:0
[15-Mar-2018 02:57:03 UTC] PHP Fatal error:  Call to undefined function displayCartCount() in /home/ubuntu/workspace/labs/scart/scart.php on line 47
[15-Mar-2018 02:57:03 UTC] PHP Stack trace:
[15-Mar-2018 02:57:03 UTC] PHP   1. {main}() /home/ubuntu/workspace/labs/scart/scart.php:0
[26-Mar-2018 04:07:51 UTC] PHP Warning:  Invalid argument supplied for foreach() in /home/ubuntu/workspace/labs/scart/index.php on line 26
[26-Mar-2018 04:07:51 UTC] PHP Stack trace:
[26-Mar-2018 04:07:51 UTC] PHP   1. {main}() /home/ubuntu/workspace/labs/scart/index.php:0
[26-Mar-2018 04:07:51 UTC] PHP Warning:  array_push() expects parameter 1 to be array, null given in /home/ubuntu/workspace/labs/scart/index.php on line 36
[26-Mar-2018 04:07:51 UTC] PHP Stack trace:
[26-Mar-2018 04:07:51 UTC] PHP   1. {main}() /home/ubuntu/workspace/labs/scart/index.php:0
[26-Mar-2018 04:07:51 UTC] PHP   2. array_push() /home/ubuntu/workspace/labs/scart/index.php:36
[26-Mar-2018 04:07:58 UTC] PHP Warning:  Invalid argument supplied for foreach() in /home/ubuntu/workspace/labs/scart/index.php on line 26
[26-Mar-2018 04:07:58 UTC] PHP Stack trace:
[26-Mar-2018 04:07:58 UTC] PHP   1. {main}() /home/ubuntu/workspace/labs/scart/index.php:0
[26-Mar-2018 04:07:58 UTC] PHP Warning:  array_push() expects parameter 1 to be array, null given in /home/ubuntu/workspace/labs/scart/index.php on line 36
[26-Mar-2018 04:07:58 UTC] PHP Stack trace:
[26-Mar-2018 04:07:58 UTC] PHP   1. {main}() /home/ubuntu/workspace/labs/scart/index.php:0
[26-Mar-2018 04:07:58 UTC] PHP   2. array_push() /home/ubuntu/workspace/labs/scart/index.php:36
[26-Mar-2018 04:08:00 UTC] PHP Warning:  array_push() expects parameter 1 to be array, null given in /home/ubuntu/workspace/labs/scart/index.php on line 20
[26-Mar-2018 04:08:00 UTC] PHP Stack trace:
[26-Mar-2018 04:08:00 UTC] PHP   1. {main}() /home/ubuntu/workspace/labs/scart/index.php:0
[26-Mar-2018 04:08:00 UTC] PHP   2. array_push() /home/ubuntu/workspace/labs/scart/index.php:20
[26-Mar-2018 04:08:00 UTC] PHP Warning:  Invalid argument supplied for foreach() in /home/ubuntu/workspace/labs/scart/index.php on line 26
[26-Mar-2018 04:08:00 UTC] PHP Stack trace:
[26-Mar-2018 04:08:00 UTC] PHP   1. {main}() /home/ubuntu/workspace/labs/scart/index.php:0
[26-Mar-2018 04:08:00 UTC] PHP Warning:  array_push() expects parameter 1 to be array, null given in /home/ubuntu/workspace/labs/scart/index.php on line 36
[26-Mar-2018 04:08:00 UTC] PHP Stack trace:
[26-Mar-2018 04:08:00 UTC] PHP   1. {main}() /home/ubuntu/workspace/labs/scart/index.php:0
[26-Mar-2018 04:08:00 UTC] PHP   2. array_push() /home/ubuntu/workspace/labs/scart/index.php:36
[26-Mar-2018 04:08:02 UTC] PHP Warning:  array_push() expects parameter 1 to be array, null given in /home/ubuntu/workspace/labs/scart/index.php on line 20
[26-Mar-2018 04:08:02 UTC] PHP Stack trace:
[26-Mar-2018 04:08:02 UTC] PHP   1. {main}() /home/ubuntu/workspace/labs/scart/index.php:0
[26-Mar-2018 04:08:02 UTC] PHP   2. array_push() /home/ubuntu/workspace/labs/scart/index.php:20
[26-Mar-2018 04:08:02 UTC] PHP Warning:  Invalid argument supplied for foreach() in /home/ubuntu/workspace/labs/scart/index.php on line 26
[26-Mar-2018 04:08:02 UTC] PHP Stack trace:
[26-Mar-2018 04:08:02 UTC] PHP   1. {main}() /home/ubuntu/workspace/labs/scart/index.php:0
[26-Mar-2018 04:08:02 UTC] PHP Warning:  array_push() expects parameter 1 to be array, null given in /home/ubuntu/workspace/labs/scart/index.php on line 36
[26-Mar-2018 04:08:02 UTC] PHP Stack trace:
[26-Mar-2018 04:08:02 UTC] PHP   1. {main}() /home/ubuntu/workspace/labs/scart/index.php:0
[26-Mar-2018 04:08:02 UTC] PHP   2. array_push() /home/ubuntu/workspace/labs/scart/index.php:36
[26-Mar-2018 04:08:35 UTC] PHP Warning:  Invalid argument supplied for foreach() in /home/ubuntu/workspace/labs/scart/index.php on line 26
[26-Mar-2018 04:08:35 UTC] PHP Stack trace:
[26-Mar-2018 04:08:35 UTC] PHP   1. {main}() /home/ubuntu/workspace/labs/scart/index.php:0
[26-Mar-2018 04:08:35 UTC] PHP Warning:  array_push() expects parameter 1 to be array, null given in /home/ubuntu/workspace/labs/scart/index.php on line 36
[26-Mar-2018 04:08:35 UTC] PHP Stack trace:
[26-Mar-2018 04:08:35 UTC] PHP   1. {main}() /home/ubuntu/workspace/labs/scart/index.php:0
[26-Mar-2018 04:08:35 UTC] PHP   2. array_push() /home/ubuntu/workspace/labs/scart/index.php:36
[04-Apr-2018 22:12:48 UTC] PHP Warning:  include(inc/dbConncetion.php): failed to open stream: No such file or directory in /home/ubuntu/workspace/labs/lab6/index.php on line 3
[04-Apr-2018 22:12:48 UTC] PHP Stack trace:
[04-Apr-2018 22:12:48 UTC] PHP   1. {main}() /home/ubuntu/workspace/labs/lab6/index.php:0
[04-Apr-2018 22:12:48 UTC] PHP Warning:  include(): Failed opening 'inc/dbConncetion.php' for inclusion (include_path='.:/usr/share/php:/usr/share/pear') in /home/ubuntu/workspace/labs/lab6/index.php on line 3
[04-Apr-2018 22:12:48 UTC] PHP Stack trace:
[04-Apr-2018 22:12:48 UTC] PHP   1. {main}() /home/ubuntu/workspace/labs/lab6/index.php:0
[04-Apr-2018 22:13:06 UTC] PHP Warning:  include(inc/dbConncetion.php): failed to open stream: No such file or directory in /home/ubuntu/workspace/labs/lab6/index.php on line 3
[04-Apr-2018 22:13:06 UTC] PHP Stack trace:
[04-Apr-2018 22:13:06 UTC] PHP   1. {main}() /home/ubuntu/workspace/labs/lab6/index.php:0
[04-Apr-2018 22:13:06 UTC] PHP Warning:  include(): Failed opening 'inc/dbConncetion.php' for inclusion (include_path='.:/usr/share/php:/usr/share/pear') in /home/ubuntu/workspace/labs/lab6/index.php on line 3
[04-Apr-2018 22:13:06 UTC] PHP Stack trace:
[04-Apr-2018 22:13:06 UTC] PHP   1. {main}() /home/ubuntu/workspace/labs/lab6/index.php:0
[04-Apr-2018 22:13:10 UTC] PHP Warning:  include(inc/dbConncetion.php): failed to open stream: No such file or directory in /home/ubuntu/workspace/labs/lab6/index.php on line 3
[04-Apr-2018 22:13:10 UTC] PHP Stack trace:
[04-Apr-2018 22:13:10 UTC] PHP   1. {main}() /home/ubuntu/workspace/labs/lab6/index.php:0
[04-Apr-2018 22:13:10 UTC] PHP Warning:  include(): Failed opening 'inc/dbConncetion.php' for inclusion (include_path='.:/usr/share/php:/usr/share/pear') in /home/ubuntu/workspace/labs/lab6/index.php on line 3
[04-Apr-2018 22:13:10 UTC] PHP Stack trace:
[04-Apr-2018 22:13:10 UTC] PHP   1. {main}() /home/ubuntu/workspace/labs/lab6/index.php:0
[04-Apr-2018 22:13:37 UTC] PHP Warning:  include(inc/dbConncetion.php): failed to open stream: No such file or directory in /home/ubuntu/workspace/labs/lab6/index.php on line 3
[04-Apr-2018 22:13:37 UTC] PHP Stack trace:
[04-Apr-2018 22:13:37 UTC] PHP   1. {main}() /home/ubuntu/workspace/labs/lab6/index.php:0
[04-Apr-2018 22:13:37 UTC] PHP Warning:  include(): Failed opening 'inc/dbConncetion.php' for inclusion (include_path='.:/usr/share/php:/usr/share/pear') in /home/ubuntu/workspace/labs/lab6/index.php on line 3
[04-Apr-2018 22:13:37 UTC] PHP Stack trace:
[04-Apr-2018 22:13:37 UTC] PHP   1. {main}() /home/ubuntu/workspace/labs/lab6/index.php:0
[16-Apr-2018 23:29:34 UTC] PHP Fatal error:  Call to undefined function getCategoriesHTML() in /home/ubuntu/workspace/labs/scart/index.php on line 77
[16-Apr-2018 23:29:34 UTC] PHP Stack trace:
[16-Apr-2018 23:29:34 UTC] PHP   1. {main}() /home/ubuntu/workspace/labs/scart/index.php:0
[16-Apr-2018 23:29:43 UTC] PHP Fatal error:  Call to undefined function getCategoriesHTML() in /home/ubuntu/workspace/labs/scart/index.php on line 77
[16-Apr-2018 23:29:43 UTC] PHP Stack trace:
[16-Apr-2018 23:29:43 UTC] PHP   1. {main}() /home/ubuntu/workspace/labs/scart/index.php:0
[16-Apr-2018 23:29:46 UTC] PHP Fatal error:  Call to undefined function getCategoriesHTML() in /home/ubuntu/workspace/labs/scart/index.php on line 77
[16-Apr-2018 23:29:46 UTC] PHP Stack trace:
[16-Apr-2018 23:29:46 UTC] PHP   1. {main}() /home/ubuntu/workspace/labs/scart/index.php:0
[16-Apr-2018 23:30:22 UTC] PHP Fatal error:  Call to undefined function getCategoriesHTML() in /home/ubuntu/workspace/labs/scart/index.php on line 77
[16-Apr-2018 23:30:22 UTC] PHP Stack trace:
[16-Apr-2018 23:30:22 UTC] PHP   1. {main}() /home/ubuntu/workspace/labs/scart/index.php:0
[16-Apr-2018 23:30:24 UTC] PHP Fatal error:  Call to undefined function getCategoriesHTML() in /home/ubuntu/workspace/labs/scart/index.php on line 77
[16-Apr-2018 23:30:24 UTC] PHP Stack trace:
[16-Apr-2018 23:30:24 UTC] PHP   1. {main}() /home/ubuntu/workspace/labs/scart/index.php:0
[16-Apr-2018 23:30:54 UTC] PHP Fatal error:  Call to undefined function getCategoriesHTML() in /home/ubuntu/workspace/labs/scart/index.php on line 77
[16-Apr-2018 23:30:54 UTC] PHP Stack trace:
[16-Apr-2018 23:30:54 UTC] PHP   1. {main}() /home/ubuntu/workspace/labs/scart/index.php:0
[16-Apr-2018 23:30:57 UTC] PHP Fatal error:  Call to undefined function getCategoriesHTML() in /home/ubuntu/workspace/labs/scart/index.php on line 77
[16-Apr-2018 23:30:57 UTC] PHP Stack trace:
[16-Apr-2018 23:30:57 UTC] PHP   1. {main}() /home/ubuntu/workspace/labs/scart/index.php:0
[16-Apr-2018 23:31:09 UTC] PHP Fatal error:  Call to undefined function getCategoriesHTML() in /home/ubuntu/workspace/labs/scart/index.php on line 77
[16-Apr-2018 23:31:09 UTC] PHP Stack trace:
[16-Apr-2018 23:31:09 UTC] PHP   1. {main}() /home/ubuntu/workspace/labs/scart/index.php:0
[16-Apr-2018 23:31:44 UTC] PHP Fatal error:  Call to undefined function getCategoriesHTML() in /home/ubuntu/workspace/labs/scart/index.php on line 77
[16-Apr-2018 23:31:44 UTC] PHP Stack trace:
[16-Apr-2018 23:31:44 UTC] PHP   1. {main}() /home/ubuntu/workspace/labs/scart/index.php:0
[16-Apr-2018 23:31:49 UTC] PHP Fatal error:  Call to undefined function getCategoriesHTML() in /home/ubuntu/workspace/labs/scart/index.php on line 77
[16-Apr-2018 23:31:49 UTC] PHP Stack trace:
[16-Apr-2018 23:31:49 UTC] PHP   1. {main}() /home/ubuntu/workspace/labs/scart/index.php:0
[25-Apr-2018 23:43:49 UTC] PHP Parse error:  syntax error, unexpected '$conn' (T_VARIABLE) in /home/ubuntu/workspace/labs/lab8/checkUsername.php on line 5
[25-Apr-2018 23:46:22 UTC] PHP Warning:  include(../../dbConnection.php): failed to open stream: No such file or directory in /home/ubuntu/workspace/labs/lab8/checkUsername.php on line 3
[25-Apr-2018 23:46:22 UTC] PHP Stack trace:
[25-Apr-2018 23:46:22 UTC] PHP   1. {main}() /home/ubuntu/workspace/labs/lab8/checkUsername.php:0
[25-Apr-2018 23:46:22 UTC] PHP Warning:  include(): Failed opening '../../dbConnection.php' for inclusion (include_path='.:/usr/share/php:/usr/share/pear') in /home/ubuntu/workspace/labs/lab8/checkUsername.php on line 3
[25-Apr-2018 23:46:22 UTC] PHP Stack trace:
[25-Apr-2018 23:46:22 UTC] PHP   1. {main}() /home/ubuntu/workspace/labs/lab8/checkUsername.php:0
[25-Apr-2018 23:46:22 UTC] PHP Fatal error:  Call to undefined function connectToDB() in /home/ubuntu/workspace/labs/lab8/checkUsername.php on line 5
[25-Apr-2018 23:46:22 UTC] PHP Stack trace:
[25-Apr-2018 23:46:22 UTC] PHP   1. {main}() /home/ubuntu/workspace/labs/lab8/checkUsername.php:0
[30-Apr-2018 23:47:51 UTC] PHP Fatal error:  Call to undefined function getDBConnection() in /home/ubuntu/workspace/labs/lab9/verifyUser.php on line 5
[30-Apr-2018 23:47:51 UTC] PHP Stack trace:
[30-Apr-2018 23:47:51 UTC] PHP   1. {main}() /home/ubuntu/workspace/labs/lab9/verifyUser.php:0
